2026-02-26 04:33:35,408 [INFO] Запуск бота | id: 1633373556 |username: @Cnstrct13 |имя: >onemoretime None |
2026-02-26 04:34:07,634 [INFO] Запуск бота | id: 1633373556 | username: @Cnstrct13 | имя: >onemoretime None |
2026-02-26 11:15:30,167 [INFO] Запуск бота | id: 5620370283 | username: @lqjkerr | имя: ll Eclips None |
2026-02-26 11:15:30,241 [INFO] Запуск бота | id: 894631663 | username: @alekey_kaev | имя: Alekey Kaev |
2026-02-26 11:17:15,176 [INFO] Запуск бота | id: 1281917400 | username: @yalublulaimy | имя: уляна None |
2026-02-26 11:17:15,852 [INFO] Запуск бота | id: 1281917400 | username: @yalublulaimy | имя: уляна None |
2026-02-26 12:15:32,917 [INFO] График | id: 1633373556 | username: @Cnstrct13 | f(x) = x**3 
2026-02-26 12:32:34,716 [INFO] Запуск бота | id: 8532672431 | username: @Krazz1kss | имя: Timofey Krazznov |
2026-02-26 12:32:55,217 [INFO] График | id: 8532672431 | username: @Krazz1kss | f(x) = 5*x 
2026-02-26 12:34:29,758 [INFO] Запуск бота | id: 1633373556 | username: @Cnstrct13 | имя: >onemoretime None |
2026-02-26 12:58:58,293 [INFO] Запуск бота | id: 1073024503 | username: @Julia119Malina | имя: Julia None |
2026-02-26 12:59:45,583 [INFO] График (максимум) | id: 1633373556 | username: @Cnstrct13 | f(x) = 3*x**2 + 17*sqrt(x-2*abs(x)) | отрезок: [-10.0]; [100.0] | результат: ❌ Ошибка: функция не определена на отрезке (-10.0; 100.0)
2026-02-26 12:59:54,099 [INFO] График | id: 1633373556 | username: @Cnstrct13 | f(x) = 3*x**2 + 17*sqrt(x-2*abs(x)) 
2026-02-26 13:01:14,068 [INFO] График | id: 1633373556 | username: @Cnstrct13 | f(x) = 3*x**2 + 17*sqrt(2*abs(x)) 
2026-02-26 14:53:06,776 [INFO] График | id: 1633373556 | username: @Cnstrct13 | f(x) = x**(0.69*67) 
2026-02-26 15:32:50,059 [INFO] График (минимум) | id: 1633373556 | username: @Cnstrct13 | f(x) = sin(x**(25/3)+15*sqrt(x)) + x | отрезок: [-228.0]; [67.0] | результат: f(x_min) = 12.1338, x_min = 11.6366
2026-02-26 15:33:52,401 [INFO] График (минимум) | id: 1633373556 | username: @Cnstrct13 | f(x) = sin(x)+10 | отрезок: [-67.0]; [67.0] | результат: f(x_min) = 9.0, x_min = -1.5708
2026-02-26 15:35:31,601 [INFO] График (минимум) | id: 1633373556 | username: @Cnstrct13 | f(x) = sin(x**(25/3)+15*sqrt(x)) + x | отрезок: [-1.0]; [4.0] | результат: f(x_min) = 2.366, x_min = 3.3659
2026-02-26 15:36:28,474 [INFO] График (максимум) | id: 1633373556 | username: @Cnstrct13 | f(x) = sin(x**(25/3)+15*sqrt(x)) + x | отрезок: [-1.0]; [4.0] | результат: f(x_max) = 1.8589, x_max = 0.8631
2026-02-26 15:38:58,015 [INFO] График (максимум) | id: 1633373556 | username: @Cnstrct13 | f(x) = abs(x+23*x)/x**2 | отрезок: [1.0]; [0.0] | результат: ❌ Ошибка: интервал задан некорректно.
2026-02-26 15:41:06,044 [INFO] График (максимум) | id: 1633373556 | username: @Cnstrct13 | f(x) = x | отрезок: [0.0]; [-1.0] | результат: ❌ Ошибка: интервал задан некорректно.
a должно быть меньше b
2026-02-27 16:56:45,376 [INFO] Запуск бота | id: 754886907 | username: @konech9 | имя: Dmitry None |
2026-02-27 16:56:45,404 [INFO] Запуск бота | id: 754886907 | username: @konech9 | имя: Dmitry None |
2026-02-27 16:56:45,717 [INFO] Запуск бота | id: 754886907 | username: @konech9 | имя: Dmitry None |
2026-02-27 16:56:45,738 [INFO] Запуск бота | id: 754886907 | username: @konech9 | имя: Dmitry None |
2026-02-27 16:56:45,968 [INFO] Запуск бота | id: 754886907 | username: @konech9 | имя: Dmitry None |
2026-02-27 16:56:46,014 [INFO] Запуск бота | id: 754886907 | username: @konech9 | имя: Dmitry None |
2026-02-27 16:56:46,243 [INFO] Запуск бота | id: 754886907 | username: @konech9 | имя: Dmitry None |
2026-02-27 16:56:46,309 [INFO] Запуск бота | id: 754886907 | username: @konech9 | имя: Dmitry None |
2026-02-27 16:56:46,527 [INFO] Запуск бота | id: 754886907 | username: @konech9 | имя: Dmitry None |
2026-02-27 16:56:46,568 [INFO] Запуск бота | id: 754886907 | username: @konech9 | имя: Dmitry None |
2026-02-27 16:56:46,817 [INFO] Запуск бота | id: 754886907 | username: @konech9 | имя: Dmitry None |
2026-02-27 16:56:46,912 [INFO] Запуск бота | id: 754886907 | username: @konech9 | имя: Dmitry None |
2026-02-27 16:56:47,164 [INFO] Запуск бота | id: 754886907 | username: @konech9 | имя: Dmitry None |
2026-02-27 16:56:47,236 [INFO] Запуск бота | id: 754886907 | username: @konech9 | имя: Dmitry None |
2026-02-27 16:56:47,435 [INFO] Запуск бота | id: 754886907 | username: @konech9 | имя: Dmitry None |
2026-02-27 16:56:50,531 [INFO] Запуск бота | id: 754886907 | username: @konech9 | имя: Dmitry None |
2026-02-27 16:56:50,772 [INFO] Запуск бота | id: 754886907 | username: @konech9 | имя: Dmitry None |
2026-02-27 16:56:50,873 [INFO] Запуск бота | id: 754886907 | username: @konech9 | имя: Dmitry None |
2026-02-27 16:56:51,062 [INFO] Запуск бота | id: 754886907 | username: @konech9 | имя: Dmitry None |
2026-02-27 16:58:27,924 [INFO] График (максимум) | id: 754886907 | username: @konech9 | f(x) = sin(x) + 3 | отрезок: [-10.0]; [10.0] | результат: f(x_max) = 4.0, x_max = 7.854
2026-02-27 17:36:09,211 [INFO] Запуск бота | id: 754886907 | username: @konech9 | имя: Dmitry None |
2026-02-27 17:36:15,761 [INFO] Запуск бота | id: 1633373556 | username: @Cnstrct13 | имя: >onemoretime None |
2026-02-27 17:36:16,306 [INFO] Запуск бота | id: 1633373556 | username: @Cnstrct13 | имя: >onemoretime None |
2026-02-27 17:36:17,648 [INFO] Запуск бота | id: 1633373556 | username: @Cnstrct13 | имя: >onemoretime None |
2026-02-27 17:36:18,212 [INFO] Запуск бота | id: 1633373556 | username: @Cnstrct13 | имя: >onemoretime None |
2026-02-27 17:36:19,294 [INFO] Запуск бота | id: 1633373556 | username: @Cnstrct13 | имя: >onemoretime None |
2026-02-27 17:36:19,811 [INFO] Запуск бота | id: 1633373556 | username: @Cnstrct13 | имя: >onemoretime None |
2026-02-27 17:36:20,654 [INFO] Запуск бота | id: 1633373556 | username: @Cnstrct13 | имя: >onemoretime None |
2026-02-27 17:36:21,631 [INFO] Запуск бота | id: 1633373556 | username: @Cnstrct13 | имя: >onemoretime None |
2026-02-27 17:39:16,426 [INFO] График | id: 1633373556 | username: @Cnstrct13 | f(x) = 3*pi*x 
2026-02-27 17:42:24,127 [INFO] График | id: 1633373556 | username: @Cnstrct13 | f(x) = 3*abs(x*pi) 
2026-02-27 17:44:31,469 [INFO] График | id: 1633373556 | username: @Cnstrct13 | f(x) = 3*pi*x 
2026-02-27 17:44:51,530 [INFO] График | id: 1633373556 | username: @Cnstrct13 | f(x) = pi**2 + x**3 + 10*sin(x) 
2026-02-28 14:30:31,111 [INFO] График | id: 1633373556 | username: @Cnstrct13 | f(x) = sin(cos(x)) 
2026-02-28 14:31:05,376 [INFO] График | id: 1633373556 | username: @Cnstrct13 | f(x) = sin(x)**2 + log(x) 
2026-02-28 14:35:44,727 [INFO] График | id: 1633373556 | username: @Cnstrct13 | f(x) = sqrt((x-4)**2 - 36)
2026-02-28 19:38:02,080 [INFO] Запуск бота | id: 808109978 | username: @shadow_etarnal | имя: Dmitriy None |
2026-02-28 19:41:19,652 [INFO] График | id: 1633373556 | username: @Cnstrct13 | f(x) = Cos(x) 
2026-02-28 19:41:36,191 [INFO] График | id: 1633373556 | username: @Cnstrct13 | f(x) = cos(x) 
2026-02-28 19:42:04,347 [INFO] График | id: 1633373556 | username: @Cnstrct13 | f(x) = Cos(x) 
2026-02-28 19:43:11,233 [INFO] График | id: 1633373556 | username: @Cnstrct13 | f(x) = Cos(x) 
2026-02-28 19:45:31,467 [INFO] График | id: 1633373556 | username: @Cnstrct13 | f(x) = cos(x) 
2026-03-03 00:31:56,827 [INFO] График | id: 1633373556 | username: @Cnstrct13 | f(x) = log2(x) 
2026-03-03 00:32:28,085 [INFO] График | id: 1633373556 | username: @Cnstrct13 | f(x) = log(x) 
2026-03-03 00:32:40,920 [INFO] График | id: 1633373556 | username: @Cnstrct13 | f(x) = log(x) 
2026-03-03 00:34:55,882 [INFO] График | id: 1633373556 | username: @Cnstrct13 | f(x) = 2*log10(x) 
2026-03-03 00:43:29,209 [INFO] График | id: 1633373556 | username: @Cnstrct13 | f(x) = 2*log2(x) 
2026-03-03 00:46:03,732 [INFO] График (максимум) | id: 1633373556 | username: @Cnstrct13 | f(x) = 2*log2(x) | отрезок: [0.0]; [15.0] | результат: f(x_max) = 7.8138, x_max = 15.0
2026-03-03 00:54:36,688 [INFO] График | id: 1633373556 | username: @Cnstrct13 | f(x) = 2*log2(x) 
2026-03-03 00:54:51,737 [INFO] График | id: 1633373556 | username: @Cnstrct13 | f(x) = 2*log2(x) 
2026-03-03 01:01:47,811 [INFO] График | id: 1633373556 | username: @Cnstrct13 | f(x) = (6)/(2*x+1) - (1 + log2(2+x))/(x) 
2026-03-03 01:02:09,814 [INFO] График | id: 1633373556 | username: @Cnstrct13 | f(x) = x**2 
2026-03-03 01:05:39,554 [INFO] График | id: 1633373556 | username: @Cnstrct13 | f(x) = x**3 + log2(x) - sqrt(x**3) 
2026-03-03 01:09:18,811 [INFO] График | id: 1633373556 | username: @Cnstrct13 | f(x) = sin(x) + sin(3*x)/3 + sin(5*x)/5 + sin(7*x)/7 
2026-03-03 01:09:35,488 [INFO] График | id: 1633373556 | username: @Cnstrct13 | f(x) = sin(x) * exp(-0.3*x) 
2026-03-03 01:09:47,265 [INFO] График | id: 1633373556 | username: @Cnstrct13 | f(x) = exp(-x**2) * cos(10*x) 
2026-03-03 01:09:54,880 [INFO] График | id: 1633373556 | username: @Cnstrct13 | f(x) = exp(-x**2) * cos(10*x) 
2026-03-03 01:10:00,008 [INFO] График | id: 1633373556 | username: @Cnstrct13 | f(x) = sin(1/x) 
2026-03-03 01:10:09,537 [INFO] График | id: 1633373556 | username: @Cnstrct13 | f(x) = sin(x) * cos(x**2) + cos(x) * sin(x**2) 
2026-03-03 01:10:19,759 [INFO] График | id: 1633373556 | username: @Cnstrct13 | f(x) = sin(log(x) * 10) 
2026-03-03 01:10:31,509 [INFO] График | id: 1633373556 | username: @Cnstrct13 | f(x) = sin(x**2) 
2026-03-03 01:20:44,909 [ERROR] Ошибка при построении | id: 1633373556 | username: @Cnstrct13 | f(x) = XKTTY
2026-03-03 01:21:35,386 [INFO] График (минимум) | id: 1633373556 | username: @Cnstrct13 | f(x) = 32*log2(x**3) | отрезок: [-10.0]; [20.0] | результат: f(x_min) = -2081.0949, x_min = 0.0
2026-03-03 01:23:14,394 [INFO] График (максимум) | id: 1633373556 | username: @Cnstrct13 | f(x) = 32*log2(x**3) | отрезок: [-10.0]; [20.0] | результат: f(x_max) = 414.9051, x_max = 20.0
2026-03-03 01:27:32,716 [INFO] График (максимум) | id: 1633373556 | username: @Cnstrct13 | f(x) = sin(x**2)+log10(sin(x)) | отрезок: [-20.0]; [50.0] | результат: ❌ Ошибка: функция не определена на отрезке (-20.0; 50.0)
2026-03-03 01:27:50,861 [INFO] График (максимум) | id: 1633373556 | username: @Cnstrct13 | f(x) = sin(x**2)+cos(x) | отрезок: [-50.0]; [20.0] | результат: f(x_max) = 0.6347, x_max = -42.0376
2026-03-03 01:29:47,952 [INFO] График (минимум) | id: 1633373556 | username: @Cnstrct13 | f(x) = sin(x**2)+cos(x) | отрезок: [-20.0]; [50.0] | результат: f(x_min) = -0.864, x_min = 4.8435
2026-03-03 01:30:22,968 [INFO] График (минимум) | id: 1633373556 | username: @Cnstrct13 | f(x) = sin(x**2)+cos(x) | отрезок: [-20.0]; [50.0] | результат: f(x_min) = -1.9998, x_min = 47.1453
2026-03-03 01:31:12,817 [INFO] График (минимум) | id: 1633373556 | username: @Cnstrct13 | f(x) = 32*log2(x**3) | отрезок: [-10.0]; [20.0] | результат: f(x_min) = -1950.9051, x_min = 0.0
2026-03-03 01:34:14,949 [INFO] График (максимум) | id: 1633373556 | username: @Cnstrct13 | f(x) = sin(x**2)+cos(x) | отрезок: [-20.0]; [50.0] | результат: ❌ Ошибка: не удалось найти максимум на отрезке (-20.0; 50.0)
2026-03-03 01:35:13,948 [INFO] График (максимум) | id: 1633373556 | username: @Cnstrct13 | f(x) = sin(x**2)+cos(x) | отрезок: [-20.0]; [50.0] | результат: f(x_max) = 2.0, x_max = 37.7037
2026-03-03 01:38:40,916 [INFO] График | id: 1633373556 | username: @Cnstrct13 | f(x) = sin(x**2)+cos(x) 
2026-03-03 18:10:46,110 [INFO] График | id: 1633373556 | username: @Cnstrct13 | f(x) = x**sin(x)
2026-03-03 19:50:31,537 [INFO] График | id: 1633373556 | username: @Cnstrct13 | f(x) = 32*x**3 
2026-03-03 19:51:49,087 [INFO] График | id: 1633373556 | username: @Cnstrct13 | f(x) = sin(x) 
2026-03-03 20:06:31,250 [INFO] График (максимум) | id: 1633373556 | username: @Cnstrct13 | f(x) = sin(x**cos(x)) | отрезок: [-100.0]; [50.0] | результат: f(x_max) = 1.0, x_max = 42.5322
2026-03-03 20:08:40,014 [INFO] Запуск бота | id: 1633373556 | username: @Cnstrct13 | имя: >onemoretime None |
2026-03-03 20:08:41,327 [INFO] Запуск бота | id: 1633373556 | username: @Cnstrct13 | имя: >onemoretime None |
2026-03-03 20:08:41,633 [INFO] Запуск бота | id: 1633373556 | username: @Cnstrct13 | имя: >onemoretime None |
2026-03-03 20:08:42,104 [INFO] Запуск бота | id: 1633373556 | username: @Cnstrct13 | имя: >onemoretime None |
2026-03-03 20:08:42,860 [INFO] Запуск бота | id: 1633373556 | username: @Cnstrct13 | имя: >onemoretime None |
2026-03-03 20:08:43,004 [INFO] Запуск бота | id: 1633373556 | username: @Cnstrct13 | имя: >onemoretime None |
2026-03-03 20:08:43,983 [INFO] Запуск бота | id: 1633373556 | username: @Cnstrct13 | имя: >onemoretime None |
2026-03-03 20:08:44,404 [INFO] Запуск бота | id: 1633373556 | username: @Cnstrct13 | имя: >onemoretime None |
2026-03-03 20:08:44,646 [INFO] Запуск бота | id: 1633373556 | username: @Cnstrct13 | имя: >onemoretime None |
2026-03-03 20:08:45,027 [INFO] Запуск бота | id: 1633373556 | username: @Cnstrct13 | имя: >onemoretime None |
2026-03-03 20:08:45,446 [INFO] Запуск бота | id: 1633373556 | username: @Cnstrct13 | имя: >onemoretime None |
2026-03-03 20:56:25,135 [INFO] График | id: 1633373556 | username: @Cnstrct13 | f(x) = 23*x+17*sin(x*x) 
2026-03-03 20:56:57,578 [INFO] График (максимум) | id: 1633373556 | username: @Cnstrct13 | f(x) = 23*x+17*sin(x*x) | отрезок: [-20.0]; [20.0] | результат: f(x_max) = 475.519, x_max = 19.936
2026-03-03 23:26:53,293 [INFO] График | id: 1633373556 | username: @Cnstrct13 | f(x) = sin(x**cos(x+log2(x))) 
2026-03-03 23:27:09,883 [INFO] График (максимум) | id: 1633373556 | username: @Cnstrct13 | f(x) = sin(x**cos(x+log2(x))) | отрезок: [-20.0]; [4.0] | результат: f(x_max) = 1.0, x_max = 3.3507
2026-03-04 22:54:05,087 [INFO] График | id: 1633373556 | username: @Cnstrct13 | f(x) = sin(log(x)) 
2026-03-04 22:54:28,922 [INFO] График | id: 1633373556 | username: @Cnstrct13 | f(x) = log2(x**cos(x)) 
2026-03-04 22:55:27,458 [INFO] График (максимум) | id: 1633373556 | username: @Cnstrct13 | f(x) = sin(x**(25/3)+15*sqrt(x)) + x | отрезок: [-228.0]; [67.0] | результат: f(x_max) = 67.8278, x_max = 66.8279
2026-03-04 22:55:42,757 [INFO] График (минимум) | id: 1633373556 | username: @Cnstrct13 | f(x) = sin(x**(25/3)+15*sqrt(x)) + x | отрезок: [-228.0]; [67.0] | результат: f(x_min) = -0.9022, x_min = 0.097
2026-03-05 21:18:30,091 [INFO] Запуск бота | id: 1432313366 | username: @ynklokov | имя: Юрий Клоков |
2026-03-05 21:50:55,523 [INFO] График | id: 1633373556 | username: @Cnstrct13 | f(x) = x**2 
2026-03-05 22:33:12,398 [INFO] График | id: 1281917400 | username: @yalublulaimy | f(x) = (x**0.5+228*67*5*x+5-6*x**(-13*99999))*8*x-(7-8)*x**x 
2026-03-05 22:33:48,749 [ERROR] Ошибка при построении | id: 1281917400 | username: @yalublulaimy | f(x) = 15^(1000000*x) 
2026-03-05 22:36:44,612 [ERROR] Ошибка при построении | id: 1633373556 | username: @Cnstrct13 | f(x) = 15^(1000000*x) 
2026-03-05 22:36:52,829 [ERROR] Ошибка при построении | id: 1633373556 | username: @Cnstrct13 | f(x) = 15^(1000000*x) 
2026-03-05 22:37:12,120 [INFO] График (максимум) | id: 1633373556 | username: @Cnstrct13 | f(x) = 15**(199*x) | отрезок: [12.0]; [28.0] | результат: ❌ Ошибка: функция не определена на отрезке (12.0; 28.0)
2026-03-05 23:07:09,340 [INFO] График (максимум) | id: 1633373556 | username: @Cnstrct13 | f(x) = sin(x) | отрезок: [-321312.0]; [-321310.0] | результат: ❌ Ошибка: не удалось найти максимум на отрезке (-321312.0; -321310.0)
2026-03-05 23:07:24,191 [INFO] График (максимум) | id: 1633373556 | username: @Cnstrct13 | f(x) = sin(x) | отрезок: [23123.0]; [23125.0] | результат: f(x_max) = 1.0, x_max = 23123.6927
2026-03-05 23:07:52,414 [INFO] График (максимум) | id: 1633373556 | username: @Cnstrct13 | f(x) = cos(x) | отрезок: [76.0]; [80.0] | результат: ❌ Ошибка: не удалось найти максимум на отрезке (76.0; 80.0)
2026-03-05 23:10:53,520 [INFO] График (минимум) | id: 1633373556 | username: @Cnstrct13 | f(x) = sin(x) | отрезок: [0.0]; [10.0] | результат: f(x_min) = -1.0, x_min = 4.7124
2026-03-05 23:13:33,904 [INFO] График (максимум) | id: 1633373556 | username: @Cnstrct13 | f(x) = sin(x) | отрезок: [76.0]; [80.0] | результат: f(x_max) = 1.0, x_max = 76.969
2026-03-05 23:13:53,010 [INFO] График (максимум) | id: 1633373556 | username: @Cnstrct13 | f(x) = cos(x) | отрезок: [76.0]; [80.0] | результат: ❌ Ошибка: не удалось найти максимум на отрезке (76.0; 80.0)
2026-03-05 23:14:59,178 [INFO] График (максимум) | id: 1633373556 | username: @Cnstrct13 | f(x) = cos(x) | отрезок: [76.0]; [80.0] | результат: f(x_max) = 0.8243, x_max = 76.0
2026-03-05 23:18:17,365 [INFO] График | id: 1633373556 | username: @Cnstrct13 | f(x) = sin(x) 
2026-03-05 23:18:28,784 [INFO] График (максимум) | id: 1633373556 | username: @Cnstrct13 | f(x) = sin(x) | отрезок: [76.0]; [80.0] | результат: f(x_max) = 1.0, x_max = 76.969
2026-03-05 23:21:59,714 [INFO] График (максимум) | id: 1633373556 | username: @Cnstrct13 | f(x) = cos(sin(x**3)) | отрезок: [-20.0]; [30.0] | результат: f(x_max) = 1.0, x_max = -0.0
2026-03-05 23:22:50,221 [INFO] График (минимум) | id: 1633373556 | username: @Cnstrct13 | f(x) = cos(sin(x**3)) | отрезок: [-50.0]; [50.0] | результат: f(x_min) = 0.5403, x_min = -4.2538
2026-03-05 23:25:13,843 [INFO] График (максимум) | id: 1633373556 | username: @Cnstrct13 | f(x) = cos(x) | отрезок: [76.0]; [80.0] | результат: f(x_max) = 0.8243, x_max = 76.0
2026-03-05 23:26:09,451 [INFO] График (максимум) | id: 1633373556 | username: @Cnstrct13 | f(x) = cos(x**sin(x)) | отрезок: [321321.0]; [321326.0] | результат: f(x_max) = 1.0, x_max = 321324.8976
2026-03-05 23:27:33,171 [INFO] График (максимум) | id: 1633373556 | username: @Cnstrct13 | f(x) = cos(x**sin(x)) | отрезок: [2.0]; [200.0] | результат: f(x_max) = 1.0, x_max = 57.0205
2026-03-05 23:28:09,240 [INFO] График (максимум) | id: 1633373556 | username: @Cnstrct13 | f(x) = cos(x**sin(x)) | отрезок: [0.0]; [10000.0] | результат: f(x_max) = 1.0, x_max = 3747.4878
2026-03-06 18:57:17,704 [INFO] График | id: 1633373556 | username: @Cnstrct13 | f(x) = sin(x**log2(x)) 
2026-03-06 18:57:28,418 [INFO] Запуск бота | id: 1368808936 | username: @sery0zha9 | имя: Сирожа None |
2026-03-06 18:57:40,979 [INFO] График | id: 1633373556 | username: @Cnstrct13 | f(x) = sin(x**log2(x)) 
2026-03-06 18:57:44,848 [INFO] Запуск бота | id: 1468835292 | username: @DanyaOpium | имя: Psnd None |
2026-03-06 18:57:55,370 [ERROR] Ошибка при построении | id: 1468835292 | username: @DanyaOpium | f(x) = xyu 
2026-03-06 18:58:14,291 [INFO] График (максимум) | id: 1633373556 | username: @Cnstrct13 | f(x) = sin(x+2) | отрезок: [0.0]; [10.0] | результат: f(x_max) = 1.0, x_max = 5.854
2026-03-06 18:58:28,117 [INFO] График | id: 1633373556 | username: @Cnstrct13 | f(x) = sin(x+pi) 
2026-03-06 18:58:34,779 [ERROR] Ошибка при построении | id: 1368808936 | username: @sery0zha9 | f(x) = xxxxxxxxxxxxxxxxx 
2026-03-06 18:59:52,616 [INFO] График | id: 1633373556 | username: @Cnstrct13 | f(x) = x**(-2) 
2026-03-06 19:00:44,484 [INFO] График | id: 1468835292 | username: @DanyaOpium | f(x) = abs( x**(52) - 99*x**(-10) + log(x**(52) - 99*x**(-10)) ) 
2026-03-06 19:00:49,911 [ERROR] Ошибка при построении | id: 1368808936 | username: @sery0zha9 | f(x) = СЫНКРА 
2026-03-06 19:00:58,007 [INFO] График | id: 1633373556 | username: @Cnstrct13 | f(x) = abs( x**(52) - 99*x**(-10) + log(x**(52) - 99*x**(-10)) ) 
2026-03-06 19:02:00,630 [INFO] График | id: 1368808936 | username: @sery0zha9 | f(x) = x**999999999999999999999999999999999999999999999999999999999999999999999999999999999999999999 
2026-03-06 19:02:30,311 [INFO] График | id: 1633373556 | username: @Cnstrct13 | f(x) = x**999999999999999999999999999999999999999999999999999999999999999999999999999999999999999999 
2026-03-06 19:04:09,032 [ERROR] Ошибка при построении | id: 1468835292 | username: @DanyaOpium | f(x) = (x^3 - 5x) * |sin(10x)| / (sqrt( (x-2)^2 + 0.01 ) ) + ln| x - 4 | * cos(2x) 
2026-03-06 19:04:49,896 [INFO] График | id: 1633373556 | username: @Cnstrct13 | f(x) = log(abs(x-4)) 
2026-03-06 19:05:20,864 [ERROR] Ошибка при построении | id: 1633373556 | username: @Cnstrct13 | f(x) = ln|x-4| 
2026-03-06 19:05:45,693 [INFO] График | id: 1633373556 | username: @Cnstrct13 | f(x) = (x**3 - 5*x) * abs(sin(10*x)) / (sqrt( (x-2)**2 + 0.01 ) ) + log(abs( x - 4 )) * cos(2*x) 
