2026-03-13 22:03:30,883 [ERROR] Fatal error, command Information: ('Connection aborted.', TimeoutError('The write operation timed out'))
2026-03-13 22:03:42,391 [ERROR] Threaded polling exception: A request to the Telegram API was unsuccessful. Error code: 400. Description: Bad Request: message to delete not found
2026-03-13 22:03:42,393 [ERROR] Exception traceback:
Traceback (most recent call last):
  File "C:\Users\pleha\OneDrive\Документы\GitHub\TG_bot_Graph_calc\.venv\Lib\site-packages\telebot\__init__.py", line 1235, in __threaded_polling
    self.worker_pool.raise_exceptions()
    ~~~~~~~~~~~~~~~~~~~~~~~~~~~~~~~~~^^
  File "C:\Users\pleha\OneDrive\Документы\GitHub\TG_bot_Graph_calc\.venv\Lib\site-packages\telebot\util.py", line 154, in raise_exceptions
    raise self.exception_info
  File "C:\Users\pleha\OneDrive\Документы\GitHub\TG_bot_Graph_calc\.venv\Lib\site-packages\telebot\util.py", line 97, in run
    task(*args, **kwargs)
    ~~~~^^^^^^^^^^^^^^^^^
  File "C:\Users\pleha\OneDrive\Документы\GitHub\TG_bot_Graph_calc\bot.py", line 584, in get_parameter_function
    main_tab(message)
    ~~~~~~~~^^^^^^^^^
  File "C:\Users\pleha\OneDrive\Документы\GitHub\TG_bot_Graph_calc\bot.py", line 179, in main_tab
    bot.delete_message(message.chat.id, message.message_id)
    ~~~~~~~~~~~~~~~~~~^^^^^^^^^^^^^^^^^^^^^^^^^^^^^^^^^^^^^
  File "C:\Users\pleha\OneDrive\Документы\GitHub\TG_bot_Graph_calc\.venv\Lib\site-packages\telebot\__init__.py", line 2084, in delete_message
    return apihelper.delete_message(self.token, chat_id, message_id, timeout=timeout)
           ~~~~~~~~~~~~~~~~~~~~~~~~^^^^^^^^^^^^^^^^^^^^^^^^^^^^^^^^^^^^^^^^^^^^^^^^^^
  File "C:\Users\pleha\OneDrive\Документы\GitHub\TG_bot_Graph_calc\.venv\Lib\site-packages\telebot\apihelper.py", line 1716, in delete_message
    return _make_request(token, method_url, params=payload, method='post')
  File "C:\Users\pleha\OneDrive\Документы\GitHub\TG_bot_Graph_calc\.venv\Lib\site-packages\telebot\apihelper.py", line 168, in _make_request
    json_result = _check_result(method_name, result)
  File "C:\Users\pleha\OneDrive\Документы\GitHub\TG_bot_Graph_calc\.venv\Lib\site-packages\telebot\apihelper.py", line 197, in _check_result
    raise ApiTelegramException(method_name, result, result_json)
telebot.apihelper.ApiTelegramException: A request to the Telegram API was unsuccessful. Error code: 400. Description: Bad Request: message to delete not found

2026-03-13 22:05:11,196 [INFO] График | id: 1633373556 | username: @Cnstrct13 | f(x) = x**2 | отрезок: [-10.0; 20.0]
2026-03-13 22:08:05,639 [INFO] График | id: 1633373556 | username: @Cnstrct13 | f(x) = x**(7+2) | отрезок: [-10000.0; 10000.0]
2026-03-13 22:08:54,657 [INFO] Параметрический график | id: 1633373556 | username: @Cnstrct13 | функции: ['x+a'] | отрезок: [-10.0; 20.0]
2026-03-13 22:10:17,804 [INFO] Параметрический график | id: 1633373556 | username: @Cnstrct13 | функции: ['x^a'] | отрезок: [-10.0; 20.0]
2026-03-14 23:31:09,789 [INFO] Параметрический график | id: 1633373556 | username: @Cnstrct13 | функции: ['x^(2+a)-a^3', 'a+x^(-a)'] | отрезок: [-10.0; 20.0]
2026-03-14 23:31:49,313 [INFO] График (максимум) | id: 1633373556 | username: @Cnstrct13 | f(x) = x**a | отрезок: [-10.0]; [20.0] | результат: ❌ Ошибка: функция не определена на отрезке (-10.0; 20.0)
2026-03-17 21:27:22,466 [INFO] Параметрический график | id: 1633373556 | username: @Cnstrct13 | функции: ['x^a', 'a+7-x^log(x)'] | отрезок: [-10.0; 20.0]
2026-03-19 18:57:39,974 [INFO] График (максимум) | id: 1633373556 | username: @Cnstrct13 | f(x) = x**2 | отрезок: [-10.0]; [20.0] | результат: f(x_max) = 400.0, x_max = 20.0
